<?xml version="1.0" encoding="UTF-8"?>
<testsuite xmlns:xsi="http://www.w3.org/2001/XMLSchema-instance" xsi:noNamespaceSchemaLocation="https://maven.apache.org/surefire/maven-surefire-plugin/xsd/surefire-test-report.xsd" version="3.0.2" name="com.upiiz.calculadora.CalculadoraApplicationTests" time="6.109" tests="1" errors="0" skipped="0" failures="0" flakes="0">
  <properties>
[...]
</properties>
  <testcase name="contextLoads" classname="com.upiiz.calculadora.CalculadoraApplicationTests" time="1.688">
    <system-out><![CDATA[16:54:16.610 [main] INFO org.springframework.test.context.support.AnnotationConfigContextLoaderUtils -- Could not detect default configuration classes for test class [com.upiiz.calculadora.CalculadoraApplicationTests]: CalculadoraApplicationTests does not declare any static, non-private, non-final, nested classes annotated with @Configuration.
16:54:16.937 [main] INFO org.springframework.boot.test.context.SpringBootTestContextBootstrapper -- Found @SpringBootConfiguration com.upiiz.calculadora.CalculadoraApplication for test class com.upiiz.calculadora.CalculadoraApplicationTests
16:54:17.177 [main] INFO org.springframework.test.context.support.AnnotationConfigContextLoaderUtils -- Could not detect default configuration classes for test class [com.upiiz.calculadora.CalculadoraApplicationTests]: CalculadoraApplicationTests does not declare any static, non-private, non-final, nested classes annotated with @Configuration.
16:54:17.184 [main] INFO org.springframework.boot.test.context.SpringBootTestContextBootstrapper -- Found @SpringBootConfiguration com.upiiz.calculadora.CalculadoraApplication for test class com.upiiz.calculadora.CalculadoraApplicationTests
16:54:17.373 [main] INFO org.springframework.boot.devtools.restart.RestartApplicationListener -- Restart disabled due to context in which it is running

  .   ____          _            __ _ _
 /\\ / ___'_ __ _ _(_)_ __  __ _ \ \ \ \
( ( )\___ | '_ | '_| | '_ \/ _` | \ \ \ \
 \\/  ___)| |_)| | | | | || (_| |  ) ) ) )
  '  |____| .__|_| |_|_| |_\__, | / / / /
 =========|_|==============|___/=/_/_/_/

 :: Spring Boot ::                (v4.0.6)

2026-05-07T16:54:18.046-06:00  INFO 15512 --- [calculadora] [           main] c.u.c.CalculadoraApplicationTests        : Starting CalculadoraApplicationTests using Java 25 with PID 15512 (started by hyper in C:\Users\hyper\OneDrive\Escritorio\Tecnologías web\calculadora)
2026-05-07T16:54:18.050-06:00  INFO 15512 --- [calculadora] [           main] c.u.c.CalculadoraApplicationTests        : No active profile set, falling back to 1 default profile: "default"
2026-05-07T16:54:20.500-06:00  INFO 15512 --- [calculadora] [           main] c.u.c.CalculadoraApplicationTests        : Started CalculadoraApplicationTests in 3.161 seconds (process running for 6.174)
]]></system-out>
    <system-err><![CDATA[Mockito is currently self-attaching to enable the inline-mock-maker. This will no longer work in future releases of the JDK. Please add Mockito as an agent to your build as described in Mockito's documentation: https://javadoc.io/doc/org.mockito/mockito-core/latest/org.mockito/org/mockito/Mockito.html#0.3
WARNING: A Java agent has been loaded dynamically (C:\Users\hyper\.m2\repository\net\bytebuddy\byte-buddy-agent\1.17.8\byte-buddy-agent-1.17.8.jar)
WARNING: If a serviceability tool is in use, please run with -XX:+EnableDynamicAgentLoading to hide this warning
WARNING: If a serviceability tool is not in use, please run with -Djdk.instrument.traceUsage for more information
WARNING: Dynamic loading of agents will be disallowed by default in a future release
]]></system-err>
  </testcase>
</testsuite>